0 info it worked if it ends with ok
1 verbose cli [
1 verbose cli   'C:\\Program Files\\nodejs\\node.exe',
1 verbose cli   'C:\\Users\\OSCAR\\AppData\\Roaming\\npm\\node_modules\\npm\\bin\\npm-cli.js',
1 verbose cli   'run',
1 verbose cli   'test'
1 verbose cli ]
2 info using npm@3.10.10
3 info using node@v12.16.1
4 verbose run-script [ 'pretest', 'test', 'posttest' ]
5 info lifecycle primero@1.0.0~pretest: primero@1.0.0
6 silly lifecycle primero@1.0.0~pretest: no script for pretest, continuing
7 info lifecycle primero@1.0.0~test: primero@1.0.0
8 verbose lifecycle primero@1.0.0~test: unsafe-perm in lifecycle true
9 verbose lifecycle primero@1.0.0~test: PATH: C:\Users\OSCAR\AppData\Roaming\npm\node_modules\npm\bin\node-gyp-bin;C:\Users\OSCAR\Desktop\ARQUITECTURA\arquitectura code\servernode\node_modules\.bin;C:\Python27\;C:\Python27\Scripts;C:\Program Files (x86)\Intel\iCLS Client\;C:\Program Files\Intel\iCLS Client\;C:\Windows\system32;C:\Windows;C:\Windows\System32\Wbem;C:\Windows\System32\WindowsPowerShell\v1.0\;C:\Program Files (x86)\Intel\Intel(R) Management Engine Components\DAL;C:\Program Files\Intel\Intel(R) Management Engine Components\DAL;C:\Program Files (x86)\Intel\Intel(R) Management Engine Components\IPT;C:\Program Files\Intel\Intel(R) Management Engine Components\IPT;C:\Program Files (x86)\NVIDIA Corporation\PhysX\Common;C:\WINDOWS\system32;C:\WINDOWS;C:\WINDOWS\System32\Wbem;C:\WINDOWS\System32\WindowsPowerShell\v1.0\;C:\WINDOWS\System32\OpenSSH\;C:\Program Files\dotnet\;C:\Program Files\Microsoft SQL Server\130\Tools\Binn\;C:\Users\OSCAR\AppData\Local\Microsoft\WindowsApps;C:\adb;C:\Program Files\NVIDIA Corporation\NVIDIA NvDLISR;C:\WINDOWS\system32;C:\WINDOWS;C:\WINDOWS\System32\Wbem;C:\WINDOWS\System32\WindowsPowerShell\v1.0\;C:\WINDOWS\System32\OpenSSH\;C:\Program Files\Microsoft SQL Server\Client SDK\ODBC\170\Tools\Binn\;C:\Program Files (x86)\Microsoft SQL Server\150\DTS\Binn\;C:\Program Files\Git\cmd;C:\ProgramData\chocolatey\bin;C:\Program Files\nodejs\;C:\Users\OSCAR\AppData\Local\Microsoft\WindowsApps;C:\Users\OSCAR\AppData\Local\Programs\Microsoft VS Code\bin;C:\Users\OSCAR\.dotnet\tools;C:\Users\OSCAR\AppData\Local\Programs\Azure Data Studio\bin;C:\Users\OSCAR\AppData\Roaming\npm
10 verbose lifecycle primero@1.0.0~test: CWD: C:\Users\OSCAR\Desktop\ARQUITECTURA\arquitectura code\servernode
11 silly lifecycle primero@1.0.0~test: Args: [ '/d /s /c', 'echo "Error: no test specified" && exit 1' ]
12 silly lifecycle primero@1.0.0~test: Returned: code: 1  signal: null
13 info lifecycle primero@1.0.0~test: Failed to exec test script
14 verbose stack Error: primero@1.0.0 test: `echo "Error: no test specified" && exit 1`
14 verbose stack Exit status 1
14 verbose stack     at EventEmitter.<anonymous> (C:\Users\OSCAR\AppData\Roaming\npm\node_modules\npm\lib\utils\lifecycle.js:255:16)
14 verbose stack     at EventEmitter.emit (events.js:311:20)
14 verbose stack     at ChildProcess.<anonymous> (C:\Users\OSCAR\AppData\Roaming\npm\node_modules\npm\lib\utils\spawn.js:40:14)
14 verbose stack     at ChildProcess.emit (events.js:311:20)
14 verbose stack     at maybeClose (internal/child_process.js:1021:16)
14 verbose stack     at Process.ChildProcess._handle.onexit (internal/child_process.js:286:5)
15 verbose pkgid primero@1.0.0
16 verbose cwd C:\Users\OSCAR\Desktop\ARQUITECTURA\arquitectura code\servernode
17 error Windows_NT 10.0.18362
18 error argv "C:\\Program Files\\nodejs\\node.exe" "C:\\Users\\OSCAR\\AppData\\Roaming\\npm\\node_modules\\npm\\bin\\npm-cli.js" "run" "test"
19 error node v12.16.1
20 error npm  v3.10.10
21 error code ELIFECYCLE
22 error primero@1.0.0 test: `echo "Error: no test specified" && exit 1`
22 error Exit status 1
23 error Failed at the primero@1.0.0 test script 'echo "Error: no test specified" && exit 1'.
23 error Make sure you have the latest version of node.js and npm installed.
23 error If you do, this is most likely a problem with the primero package,
23 error not with npm itself.
23 error Tell the author that this fails on your system:
23 error     echo "Error: no test specified" && exit 1
23 error You can get information on how to open an issue for this project with:
23 error     npm bugs primero
23 error Or if that isn't available, you can get their info via:
23 error     npm owner ls primero
23 error There is likely additional logging output above.
24 verbose exit [ 1, true ]
